# JRE version: OpenJDK Runtime Environment Corretto-21.0.8.9.1 (21.0.8+9) (build 21.0.8+9-LTS)
# Java VM: OpenJDK 64-Bit Server VM Corretto-21.0.8.9.1 (21.0.8+9-LTS, mixed mode, tiered, compressed oops, compressed class ptrs, g1 gc, windows-amd64)
GC Precious Log:
 CardTable entry size: 512
 Card Set container configuration: InlinePtr #cards 4 size 8 Array Of Cards #cards 16 size 48 Howl #buckets 8 coarsen threshold 3686 Howl Bitmap #cards 512 size 80 coarsen threshold 460 Card regions per heap region 1 cards per card region 4096
 CPUs: 12 total, 12 available
 Memory: 15722M
 Large Page Support: Disabled
 NUMA Support: Disabled
 Compressed Oops: Enabled (Zero based)
 Heap Region Size: 2M
 Heap Min Capacity: 8M
 Heap Initial Capacity: 246M
 Heap Max Capacity: 3932M
 Pre-touch: Disabled
 Parallel Workers: 10
 Concurrent Workers: 3
 Concurrent Refinement Workers: 10
 Periodic GC: Disabled
Heap:
 garbage-first heap   total 153600K, used 35305K [0x000000070a400000, 0x0000000800000000)
  region size 2048K, 11 young (22528K), 4 survivors (8192K)
 Metaspace       used 52675K, committed 53120K, reserved 1114112K
  class space    used 5891K, committed 6080K, reserved 1048576K
GC Heap History (18 events):
Event: 1.668 GC heap before
{Heap before GC invocations=0 (full 0):
 garbage-first heap   total 251904K, used 28672K [0x000000070a400000, 0x0000000800000000)
  region size 2048K, 11 young (22528K), 0 survivors (0K)
 Metaspace       used 16207K, committed 16448K, reserved 1114112K
  class space    used 1759K, committed 1856K, reserved 1048576K
}
Event: 1.762 GC heap after
{Heap after GC invocations=1 (full 0):
 garbage-first heap   total 251904K, used 11776K [0x000000070a400000, 0x0000000800000000)
  region size 2048K, 2 young (4096K), 2 survivors (4096K)
 Metaspace       used 16207K, committed 16448K, reserved 1114112K
  class space    used 1759K, committed 1856K, reserved 1048576K
}
Event: 2.573 GC heap before
{Heap before GC invocations=1 (full 0):
 garbage-first heap   total 251904K, used 24064K [0x000000070a400000, 0x0000000800000000)
  region size 2048K, 10 young (20480K), 2 survivors (4096K)
 Metaspace       used 21239K, committed 21504K, reserved 1114112K
  class space    used 2299K, committed 2432K, reserved 1048576K
}
Event: 2.578 GC heap after
{Heap after GC invocations=2 (full 0):
 garbage-first heap   total 251904K, used 12782K [0x000000070a400000, 0x0000000800000000)
  region size 2048K, 1 young (2048K), 1 survivors (2048K)
 Metaspace       used 21239K, committed 21504K, reserved 1114112K
  class space    used 2299K, committed 2432K, reserved 1048576K
}
Event: 4.040 GC heap before
{Heap before GC invocations=3 (full 0):
 garbage-first heap   total 49152K, used 47598K [0x000000070a400000, 0x0000000800000000)
  region size 2048K, 18 young (36864K), 1 survivors (2048K)
 Metaspace       used 30237K, committed 30592K, reserved 1114112K
  class space    used 3430K, committed 3584K, reserved 1048576K
}
Event: 4.049 GC heap after
{Heap after GC invocations=4 (full 0):
 garbage-first heap   total 55296K, used 16294K [0x000000070a400000, 0x0000000800000000)
  region size 2048K, 3 young (6144K), 3 survivors (6144K)
 Metaspace       used 30237K, committed 30592K, reserved 1114112K
  class space    used 3430K, committed 3584K, reserved 1048576K
}
Event: 4.450 GC heap before
{Heap before GC invocations=4 (full 0):
 garbage-first heap   total 55296K, used 34726K [0x000000070a400000, 0x0000000800000000)
  region size 2048K, 13 young (26624K), 3 survivors (6144K)
 Metaspace       used 35556K, committed 35968K, reserved 1114112K
  class space    used 4024K, committed 4224K, reserved 1048576K
}
Event: 4.462 GC heap after
{Heap after GC invocations=5 (full 0):
 garbage-first heap   total 55296K, used 18031K [0x000000070a400000, 0x0000000800000000)
  region size 2048K, 1 young (2048K), 1 survivors (2048K)
 Metaspace       used 35556K, committed 35968K, reserved 1114112K
  class space    used 4024K, committed 4224K, reserved 1048576K
}
Event: 4.490 GC heap before
{Heap before GC invocations=5 (full 0):
 garbage-first heap   total 55296K, used 18031K [0x000000070a400000, 0x0000000800000000)
  region size 2048K, 2 young (4096K), 1 survivors (2048K)
 Metaspace       used 35912K, committed 36288K, reserved 1114112K
  class space    used 4066K, committed 4224K, reserved 1048576K
}
Event: 4.493 GC heap after
{Heap after GC invocations=6 (full 0):
 garbage-first heap   total 55296K, used 18031K [0x000000070a400000, 0x0000000800000000)
  region size 2048K, 1 young (2048K), 1 survivors (2048K)
 Metaspace       used 35912K, committed 36288K, reserved 1114112K
  class space    used 4066K, committed 4224K, reserved 1048576K
}
Event: 5.255 GC heap before
{Heap before GC invocations=7 (full 0):
 garbage-first heap   total 55296K, used 44655K [0x000000070a400000, 0x0000000800000000)
  region size 2048K, 15 young (30720K), 1 survivors (2048K)
 Metaspace       used 44651K, committed 45056K, reserved 1114112K
  class space    used 5177K, committed 5376K, reserved 1048576K
}
Event: 5.264 GC heap after
{Heap after GC invocations=8 (full 0):
 garbage-first heap   total 153600K, used 20480K [0x000000070a400000, 0x0000000800000000)
  region size 2048K, 2 young (4096K), 2 survivors (4096K)
 Metaspace       used 44651K, committed 45056K, reserved 1114112K
  class space    used 5177K, committed 5376K, reserved 1048576K
}
Event: 477.367 GC heap before
{Heap before GC invocations=8 (full 0):
 garbage-first heap   total 153600K, used 106496K [0x000000070a400000, 0x0000000800000000)
  region size 2048K, 45 young (92160K), 2 survivors (4096K)
 Metaspace       used 52122K, committed 52608K, reserved 1114112K
  class space    used 5870K, committed 6080K, reserved 1048576K
}
Event: 477.378 GC heap after
{Heap after GC invocations=9 (full 0):
 garbage-first heap   total 153600K, used 23004K [0x000000070a400000, 0x0000000800000000)
  region size 2048K, 4 young (8192K), 4 survivors (8192K)
 Metaspace       used 52122K, committed 52608K, reserved 1114112K
  class space    used 5870K, committed 6080K, reserved 1048576K
}
Event: 1081.943 GC heap before
{Heap before GC invocations=9 (full 0):
 garbage-first heap   total 153600K, used 104924K [0x000000070a400000, 0x0000000800000000)
  region size 2048K, 45 young (92160K), 4 survivors (8192K)
 Metaspace       used 52392K, committed 52864K, reserved 1114112K
  class space    used 5871K, committed 6080K, reserved 1048576K
}
Event: 1081.953 GC heap after
{Heap after GC invocations=10 (full 0):
 garbage-first heap   total 153600K, used 22528K [0x000000070a400000, 0x0000000800000000)
  region size 2048K, 3 young (6144K), 3 survivors (6144K)
 Metaspace       used 52392K, committed 52864K, reserved 1114112K
  class space    used 5871K, committed 6080K, reserved 1048576K
}
Event: 1683.427 GC heap before
{Heap before GC invocations=10 (full 0):
 garbage-first heap   total 153600K, used 108544K [0x000000070a400000, 0x0000000800000000)
  region size 2048K, 45 young (92160K), 3 survivors (6144K)
 Metaspace       used 52662K, committed 53120K, reserved 1114112K
  class space    used 5890K, committed 6080K, reserved 1048576K
}
Event: 1683.437 GC heap after
{Heap after GC invocations=11 (full 0):
 garbage-first heap   total 153600K, used 23017K [0x000000070a400000, 0x0000000800000000)
  region size 2048K, 4 young (8192K), 4 survivors (8192K)
 Metaspace       used 52662K, committed 53120K, reserved 1114112K
  class space    used 5890K, committed 6080K, reserved 1048576K
}

